<ShowPlanXML xmlns="http://schemas.microsoft.com/sqlserver/2004/07/showplan" Version="1.6" Build="14.0.3008.27"><BatchSequence><Batch><Statements><StmtSimple StatementText="&#xd;&#xa;&#xd;&#xa;DECLARE @TABLES TABLE (&#xd;&#xa;    [ID] [INT] NOT NULL IDENTITY(1,1),&#xd;&#xa;&#x9;[object_id] [int] NOT NULL,&#xd;&#xa;&#x9;[TableName] [nvarchar](400) NOT NULL&#xd;&#xa;)&#xd;&#xa;&#xd;&#xa;DECLARE @TRESULT TABLE (&#xd;&#xa;    [ID] [INT] NOT NULL IDENTITY(1,1),&#xd;&#xa;&#x9;[object_id] [int] NOT NULL,&#xd;&#xa;&#x9;[TableName] [nvarchar](400) NOT NULL,&#xd;&#xa;    [Date] [DateTime] NOT NULL,&#xd;&#xa;    [Rows] INT NOT NULL &#xd;&#xa;) &#xd;&#xa;&#xd;&#xa;&#xd;&#xa;&#xd;&#xa;DECLARE @DTB DATETIME = GETUTCDATE();&#xd;&#xa;&#xd;&#xa;" StatementId="1" StatementCompId="3" StatementType="ASSIGN" RetrievedFromCache="true"></StmtSimple><StmtSimple StatementText="INSERT @TABLES&#xd;&#xa;(&#xd;&#xa;      [object_id]&#xd;&#xa;     ,[TableName]&#xd;&#xa;   &#xd;&#xa;&#xd;&#xa;)&#xd;&#xa;SELECT [object_id], [Name] from sys.objects where type = &apos;U&apos;" StatementId="2" StatementCompId="4" StatementType="INSERT" RetrievedFromCache="true" StatementSubTreeCost="0.104908" StatementEstRows="187.308" SecurityPolicyApplied="false" StatementOptmLevel="FULL" QueryHash="0x948C96FC5198EDB8" QueryPlanHash="0x3899845A244C2FFD" StatementOptmEarlyAbortReason="GoodEnoughPlanFound" CardinalityEstimationModelVersion="140"><StatementSetOptions QUOTED_IDENTIFIER="true" ARITHABORT="false" CONCAT_NULL_YIELDS_NULL="true" ANSI_NULLS="true" ANSI_PADDING="true" ANSI_WARNINGS="true" NUMERIC_ROUNDABORT="false"></StatementSetOptions><QueryPlan NonParallelPlanReason="CouldNotGenerateValidParallelPlan" CachedPlanSize="32" CompileTime="5" CompileCPU="5" CompileMemory="1064"><MemoryGrantInfo SerialRequiredMemory="0" SerialDesiredMemory="0"></MemoryGrantInfo><OptimizerHardwareDependentProperties EstimatedAvailableMemoryGrant="160921" EstimatedPagesCached="20115" EstimatedAvailableDegreeOfParallelism="2" MaxCompileMemory="2216728"></OptimizerHardwareDependentProperties><OptimizerStatsUsage><StatisticsInfo LastUpdate="2017-11-16T12:05:27.56" ModificationCount="1" SamplingPercent="100" Statistics="[nc1]" Table="[sysschobjs]" Schema="[sys]" Database="[master]"></StatisticsInfo><StatisticsInfo LastUpdate="2017-11-16T12:05:24.88" ModificationCount="1" SamplingPercent="100" Statistics="[_WA_Sys_00000006_00000022]" Table="[sysschobjs]" Schema="[sys]" Database="[master]"></StatisticsInfo><StatisticsInfo LastUpdate="2017-11-16T12:05:33.85" ModificationCount="1" SamplingPercent="100" Statistics="[_WA_Sys_00000008_00000022]" Table="[sysschobjs]" Schema="[sys]" Database="[master]"></StatisticsInfo></OptimizerStatsUsage><TraceFlags IsCompileTime="1"><TraceFlag Value="835" Scope="Global"></TraceFlag><TraceFlag Value="3105" Scope="Global"></TraceFlag><TraceFlag Value="5504" Scope="Global"></TraceFlag><TraceFlag Value="5521" Scope="Global"></TraceFlag><TraceFlag Value="6529" Scope="Global"></TraceFlag><TraceFlag Value="8020" Scope="Global"></TraceFlag><TraceFlag Value="8415" Scope="Global"></TraceFlag></TraceFlags><RelOp NodeId="0" PhysicalOp="Table Insert" LogicalOp="Insert" EstimateRows="187.308" EstimateIO="0.0679751" EstimateCPU="0.000187308" AvgRowSize="9" EstimatedTotalSubtreeCost="0.104908" Parallel="0" EstimateRebinds="0" EstimateRewinds="0" EstimatedExecutionMode="Row"><OutputList></OutputList><Update DMLRequestSort="0"><Object Table="[@TABLES]" Storage="RowStore"></Object><SetPredicate><ScalarOperator ScalarString="[object_id] = [master].[sys].[sysschobjs].[id] as [o].[id],[TableName] = [Expr1052],[ID] = [Expr1051]"><ScalarExpressionList><ScalarOperator><MultipleAssign><Assign><ColumnReference Column="object_id"></ColumnReference><ScalarOperator><Identifier><ColumnReference Database="[master]" Schema="[sys]" Table="[sysschobjs]" Alias="[o]" Column="id"></ColumnReference></Identifier></ScalarOperator></Assign><Assign><ColumnReference Column="TableName"></ColumnReference><ScalarOperator><Identifier><ColumnReference Column="Expr1052"></ColumnReference></Identifier></ScalarOperator></Assign><Assign><ColumnReference Column="ID"></ColumnReference><ScalarOperator><Identifier><ColumnReference Column="Expr1051"></ColumnReference></Identifier></ScalarOperator></Assign></MultipleAssign></ScalarOperator></ScalarExpressionList></ScalarOperator></SetPredicate><RelOp NodeId="1" PhysicalOp="Compute Scalar" LogicalOp="Compute Scalar" EstimateRows="187.308" EstimateIO="0" EstimateCPU="1.87308e-005" AvgRowSize="419" EstimatedTotalSubtreeCost="0.0367452" Parallel="0" EstimateRebinds="0" EstimateRewinds="0" EstimatedExecutionMode="Row"><OutputList><ColumnReference Database="[master]" Schema="[sys]" Table="[sysschobjs]" Alias="[o]" Column="id"></ColumnReference><ColumnReference Column="Expr1051"></ColumnReference><ColumnReference Column="Expr1052"></ColumnReference></OutputList><ComputeScalar><DefinedValues><DefinedValue><ColumnReference Column="Expr1052"></ColumnReference><ScalarOperator ScalarString="CONVERT_IMPLICIT(nvarchar(400),[master].[sys].[sysschobjs].[name] as [o].[name],0)"><Convert DataType="nvarchar" Length="800" Style="0" Implicit="1"><ScalarOperator><Identifier><ColumnReference Database="[master]" Schema="[sys]" Table="[sysschobjs]" Alias="[o]" Column="name"></ColumnReference></Identifier></ScalarOperator></Convert></ScalarOperator></DefinedValue></DefinedValues><RelOp NodeId="2" PhysicalOp="Compute Scalar" LogicalOp="Compute Scalar" EstimateRows="187.308" EstimateIO="0" EstimateCPU="1.87308e-005" AvgRowSize="147" EstimatedTotalSubtreeCost="0.0367265" Parallel="0" EstimateRebinds="0" EstimateRewinds="0" EstimatedExecutionMode="Row"><OutputList><ColumnReference Database="[master]" Schema="[sys]" Table="[sysschobjs]" Alias="[o]" Column="id"></ColumnReference><ColumnReference Database="[master]" Schema="[sys]" Table="[sysschobjs]" Alias="[o]" Column="name"></ColumnReference><ColumnReference Column="Expr1051"></ColumnReference></OutputList><ComputeScalar ComputeSequence="1"><DefinedValues><DefinedValue><ColumnReference Column="Expr1051"></ColumnReference><ScalarOperator ScalarString="getidentity((-1194611213),(2),N&apos;@TABLES&apos;)"><Intrinsic FunctionName="getidentity"><ScalarOperator><Const ConstValue="(-1194611213)"></Const></ScalarOperator><ScalarOperator><Const ConstValue="(2)"></Const></ScalarOperator><ScalarOperator><Const ConstValue="N&apos;@TABLES&apos;"></Const></ScalarOperator></Intrinsic></ScalarOperator></DefinedValue></DefinedValues><RelOp NodeId="3" PhysicalOp="Filter" LogicalOp="Filter" EstimateRows="187.308" EstimateIO="0" EstimateCPU="0.0045778" AvgRowSize="143" EstimatedTotalSubtreeCost="0.0367077" Parallel="0" EstimateRebinds="0" EstimateRewinds="0" EstimatedExecutionMode="Row"><OutputList><ColumnReference Database="[master]" Schema="[sys]" Table="[sysschobjs]" Alias="[o]" Column="id"></ColumnReference><ColumnReference Database="[master]" Schema="[sys]" Table="[sysschobjs]" Alias="[o]" Column="name"></ColumnReference></OutputList><Filter StartupExpression="0"><RelOp NodeId="5" PhysicalOp="Clustered Index Scan" LogicalOp="Clustered Index Scan" EstimateRows="187.308" EstimatedRowsRead="2435" EstimateIO="0.0290509" EstimateCPU="0.0028355" AvgRowSize="147" EstimatedTotalSubtreeCost="0.0318864" TableCardinality="2435" Parallel="0" EstimateRebinds="0" EstimateRewinds="0" EstimatedExecutionMode="Row"><OutputList><ColumnReference Database="[master]" Schema="[sys]" Table="[sysschobjs]" Alias="[o]" Column="id"></ColumnReference><ColumnReference Database="[master]" Schema="[sys]" Table="[sysschobjs]" Alias="[o]" Column="name"></ColumnReference></OutputList><IndexScan Ordered="0" ForcedIndex="0" ForceScan="0" NoExpandHint="0" Storage="RowStore"><DefinedValues><DefinedValue><ColumnReference Database="[master]" Schema="[sys]" Table="[sysschobjs]" Alias="[o]" Column="id"></ColumnReference></DefinedValue><DefinedValue><ColumnReference Database="[master]" Schema="[sys]" Table="[sysschobjs]" Alias="[o]" Column="name"></ColumnReference></DefinedValue></DefinedValues><Object Database="[master]" Schema="[sys]" Table="[sysschobjs]" Index="[clst]" Alias="[o]" IndexKind="Clustered" Storage="RowStore"></Object><Predicate><ScalarOperator ScalarString="[master].[sys].[sysschobjs].[nsclass] as [o].[nsclass]=(0) AND [master].[sys].[sysschobjs].[pclass] as [o].[pclass]=(1) AND CONVERT(char(2),CASE WHEN [master].[sys].[sysschobjs].[type] as [o].[type]=&apos;ET&apos; THEN &apos;U&apos; ELSE [master].[sys].[sysschobjs].[type] as [o].[type] END,0)=&apos;U&apos;"><Logical Operation="AND"><ScalarOperator><Compare CompareOp="EQ"><ScalarOperator><Identifier><ColumnReference Database="[master]" Schema="[sys]" Table="[sysschobjs]" Alias="[o]" Column="nsclass"></ColumnReference></Identifier></ScalarOperator><ScalarOperator><Const ConstValue="(0)"></Const></ScalarOperator></Compare></ScalarOperator><ScalarOperator><Compare CompareOp="EQ"><ScalarOperator><Identifier><ColumnReference Database="[master]" Schema="[sys]" Table="[sysschobjs]" Alias="[o]" Column="pclass"></ColumnReference></Identifier></ScalarOperator><ScalarOperator><Const ConstValue="(1)"></Const></ScalarOperator></Compare></ScalarOperator><ScalarOperator><Compare CompareOp="EQ"><ScalarOperator><Convert DataType="char" Length="2" Style="0" Implicit="0"><ScalarOperator><IF><Condition><ScalarOperator><Compare CompareOp="EQ"><ScalarOperator><Identifier><ColumnReference Database="[master]" Schema="[sys]" Table="[sysschobjs]" Alias="[o]" Column="type"></ColumnReference></Identifier></ScalarOperator><ScalarOperator><Const ConstValue="&apos;ET&apos;"></Const></ScalarOperator></Compare></ScalarOperator></Condition><Then><ScalarOperator><Const ConstValue="&apos;U&apos;"></Const></ScalarOperator></Then><Else><ScalarOperator><Identifier><ColumnReference Database="[master]" Schema="[sys]" Table="[sysschobjs]" Alias="[o]" Column="type"></ColumnReference></Identifier></ScalarOperator></Else></IF></ScalarOperator></Convert></ScalarOperator><ScalarOperator><Const ConstValue="&apos;U&apos;"></Const></ScalarOperator></Compare></ScalarOperator></Logical></ScalarOperator></Predicate></IndexScan></RelOp><Predicate><ScalarOperator ScalarString="has_access(&apos;CO&apos;,[master].[sys].[sysschobjs].[id] as [o].[id])=(1)"><Compare CompareOp="EQ"><ScalarOperator><Intrinsic FunctionName="has_access"><ScalarOperator><Const ConstValue="&apos;CO&apos;"></Const></ScalarOperator><ScalarOperator><Identifier><ColumnReference Database="[master]" Schema="[sys]" Table="[sysschobjs]" Alias="[o]" Column="id"></ColumnReference></Identifier></ScalarOperator><ScalarOperator><Const ConstValue=""></Const></ScalarOperator><ScalarOperator><Const ConstValue=""></Const></ScalarOperator></Intrinsic></ScalarOperator><ScalarOperator><Const ConstValue="(1)"></Const></ScalarOperator></Compare></ScalarOperator></Predicate></Filter></RelOp></ComputeScalar></RelOp></ComputeScalar></RelOp></Update></RelOp></QueryPlan></StmtSimple><StmtSimple StatementText="&#xd;&#xa;&#xd;&#xa;&#xd;&#xa;DECLARE @IDX INT = 1&#xd;&#xa;" StatementId="3" StatementCompId="5" StatementType="ASSIGN" RetrievedFromCache="true"></StmtSimple><StmtSimple StatementText="DECLARE @ROW INT&#xd;&#xa;DECLARE @IDX2 INT &#xd;&#xa;DECLARE @ROW2 INT&#xd;&#xa;DECLARE @TableName NVARCHAR(400)&#xd;&#xa;DECLARE @OBJID INT&#xd;&#xa;DECLARE @SQL NVARCHAR(MAX)&#xd;&#xa;DECLARE @PARAM NVARCHAR(MAX) = &apos;@COUNT INT OUTPUT&apos;&#xd;&#xa;" StatementId="4" StatementCompId="6" StatementType="ASSIGN" RetrievedFromCache="true"></StmtSimple><StmtSimple StatementText="DECLARE @CNT INT&#xd;&#xa;&#xd;&#xa;&#xd;&#xa;SELECT @ROW = COUNT(*) FROM @TABLES" StatementId="5" StatementCompId="7" StatementType="SELECT" RetrievedFromCache="true" StatementSubTreeCost="0.0032842" StatementEstRows="1" SecurityPolicyApplied="false" StatementOptmLevel="TRIVIAL" QueryHash="0x3A347866FABA49ED" QueryPlanHash="0x8515B54D63A5CCA2" CardinalityEstimationModelVersion="140"><StatementSetOptions QUOTED_IDENTIFIER="true" ARITHABORT="false" CONCAT_NULL_YIELDS_NULL="true" ANSI_NULLS="true" ANSI_PADDING="true" ANSI_WARNINGS="true" NUMERIC_ROUNDABORT="false"></StatementSetOptions><QueryPlan CachedPlanSize="16" CompileTime="0" CompileCPU="0" CompileMemory="224"><MemoryGrantInfo SerialRequiredMemory="0" SerialDesiredMemory="0"></MemoryGrantInfo><OptimizerHardwareDependentProperties EstimatedAvailableMemoryGrant="160921" EstimatedPagesCached="20115" EstimatedAvailableDegreeOfParallelism="2" MaxCompileMemory="2216728"></OptimizerHardwareDependentProperties><TraceFlags IsCompileTime="1"><TraceFlag Value="835" Scope="Global"></TraceFlag><TraceFlag Value="3105" Scope="Global"></TraceFlag><TraceFlag Value="5504" Scope="Global"></TraceFlag><TraceFlag Value="5521" Scope="Global"></TraceFlag><TraceFlag Value="6529" Scope="Global"></TraceFlag><TraceFlag Value="8020" Scope="Global"></TraceFlag><TraceFlag Value="8415" Scope="Global"></TraceFlag></TraceFlags><RelOp NodeId="0" PhysicalOp="Compute Scalar" LogicalOp="Compute Scalar" EstimateRows="1" EstimateIO="0" EstimateCPU="0" AvgRowSize="11" EstimatedTotalSubtreeCost="0.0032842" Parallel="0" EstimateRebinds="0" EstimateRewinds="0" EstimatedExecutionMode="Row"><OutputList><ColumnReference Column="Expr1003"></ColumnReference></OutputList><ComputeScalar><DefinedValues><DefinedValue><ColumnReference Column="Expr1003"></ColumnReference><ScalarOperator ScalarString="CONVERT_IMPLICIT(int,[Expr1004],0)"><Convert DataType="int" Style="0" Implicit="1"><ScalarOperator><Identifier><ColumnReference Column="Expr1004"></ColumnReference></Identifier></ScalarOperator></Convert></ScalarOperator></DefinedValue></DefinedValues><RelOp NodeId="1" PhysicalOp="Stream Aggregate" LogicalOp="Aggregate" EstimateRows="1" EstimateIO="0" EstimateCPU="1.1e-006" AvgRowSize="11" EstimatedTotalSubtreeCost="0.0032842" Parallel="0" EstimateRebinds="0" EstimateRewinds="0" EstimatedExecutionMode="Row"><OutputList><ColumnReference Column="Expr1004"></ColumnReference></OutputList><StreamAggregate><DefinedValues><DefinedValue><ColumnReference Column="Expr1004"></ColumnReference><ScalarOperator ScalarString="Count(*)"><Aggregate AggType="countstar" Distinct="0"></Aggregate></ScalarOperator></DefinedValue></DefinedValues><RelOp NodeId="2" PhysicalOp="Table Scan" LogicalOp="Table Scan" EstimateRows="1" EstimatedRowsRead="1" EstimateIO="0.0032035" EstimateCPU="7.96e-005" AvgRowSize="9" EstimatedTotalSubtreeCost="0.0032831" TableCardinality="0" Parallel="0" EstimateRebinds="0" EstimateRewinds="0" EstimatedExecutionMode="Row"><OutputList></OutputList><TableScan Ordered="0" ForcedIndex="0" ForceScan="0" NoExpandHint="0" Storage="RowStore"><DefinedValues></DefinedValues><Object Table="[@TABLES]" Storage="RowStore"></Object></TableScan></RelOp></StreamAggregate></RelOp></ComputeScalar></RelOp></QueryPlan></StmtSimple><StmtCond StatementText="&#xd;&#xa;&#xd;&#xa;WHILE @IDX &lt;= @ROW" StatementId="6" StatementCompId="8" StatementType="COND" RetrievedFromCache="true"><Condition></Condition><Then><Statements><StmtSimple StatementText=" &#xd;&#xa;BEGIN&#xd;&#xa;&#xd;&#xa;     SELECT @OBJID = [object_id]&#xd;&#xa;          , @TableName = [TableName]&#xd;&#xa;     FROM @TABLES WHERE ID = @IDX" StatementId="7" StatementCompId="9" StatementType="SELECT" RetrievedFromCache="true" StatementSubTreeCost="0.0032831" StatementEstRows="1" SecurityPolicyApplied="false" StatementOptmLevel="TRIVIAL" QueryHash="0xE30CC35E56BA4957" QueryPlanHash="0xDF2976C25BE85D4C" CardinalityEstimationModelVersion="140"><StatementSetOptions QUOTED_IDENTIFIER="true" ARITHABORT="false" CONCAT_NULL_YIELDS_NULL="true" ANSI_NULLS="true" ANSI_PADDING="true" ANSI_WARNINGS="true" NUMERIC_ROUNDABORT="false"></StatementSetOptions><QueryPlan CachedPlanSize="16" CompileTime="0" CompileCPU="0" CompileMemory="232"><MemoryGrantInfo SerialRequiredMemory="0" SerialDesiredMemory="0"></MemoryGrantInfo><OptimizerHardwareDependentProperties EstimatedAvailableMemoryGrant="160921" EstimatedPagesCached="20115" EstimatedAvailableDegreeOfParallelism="2" MaxCompileMemory="2216728"></OptimizerHardwareDependentProperties><TraceFlags IsCompileTime="1"><TraceFlag Value="835" Scope="Global"></TraceFlag><TraceFlag Value="3105" Scope="Global"></TraceFlag><TraceFlag Value="5504" Scope="Global"></TraceFlag><TraceFlag Value="5521" Scope="Global"></TraceFlag><TraceFlag Value="6529" Scope="Global"></TraceFlag><TraceFlag Value="8020" Scope="Global"></TraceFlag><TraceFlag Value="8415" Scope="Global"></TraceFlag></TraceFlags><RelOp NodeId="0" PhysicalOp="Table Scan" LogicalOp="Table Scan" EstimateRows="1" EstimatedRowsRead="1" EstimateIO="0.0032035" EstimateCPU="7.96e-005" AvgRowSize="419" EstimatedTotalSubtreeCost="0.0032831" TableCardinality="0" Parallel="0" EstimateRebinds="0" EstimateRewinds="0" EstimatedExecutionMode="Row"><OutputList><ColumnReference Column="object_id"></ColumnReference><ColumnReference Column="TableName"></ColumnReference></OutputList><TableScan Ordered="0" ForcedIndex="0" ForceScan="0" NoExpandHint="0" Storage="RowStore"><DefinedValues><DefinedValue><ColumnReference Column="object_id"></ColumnReference></DefinedValue><DefinedValue><ColumnReference Column="TableName"></ColumnReference></DefinedValue></DefinedValues><Object Table="[@TABLES]" Storage="RowStore"></Object><Predicate><ScalarOperator ScalarString="[ID]=[@IDX]"><Compare CompareOp="EQ"><ScalarOperator><Identifier><ColumnReference Column="ID"></ColumnReference></Identifier></ScalarOperator><ScalarOperator><Identifier><ColumnReference Column="@IDX"></ColumnReference></Identifier></ScalarOperator></Compare></ScalarOperator></Predicate></TableScan></RelOp></QueryPlan></StmtSimple><StmtSimple StatementText="&#xd;&#xa;&#xd;&#xa;&#x9;&#xd;&#xa;&#xd;&#xa;     SET @SQL = &apos;SELECT @COUNT = COUNT(*) FROM &apos; + @TableName&#xd;&#xa;     &#xd;&#xa;     " StatementId="8" StatementCompId="10" StatementType="ASSIGN" RetrievedFromCache="true"></StmtSimple><StmtSimple StatementText="PRINT @SQL&#xd;&#xa;     &#xd;&#xa;     " StatementId="9" StatementCompId="11" StatementType="PRINT" RetrievedFromCache="true"></StmtSimple><StmtSimple StatementText="exec sp_executesql @SQL, @PARAM, @COUNT = @CNT OUTPUT" StatementId="10" StatementCompId="12" StatementType="EXECUTE PROC" RetrievedFromCache="true"></StmtSimple><StmtSimple StatementText="&#xd;&#xa;     &#xd;&#xa;     --SELECT @CNT, @OBJID&#xd;&#xa;    &#xd;&#xa;&#xd;&#xa;     INSERT @TRESULT ([object_id], [TableName], [Date] , [Rows])&#xd;&#xa;     VALUES (@OBJID, @TableName, GETUTCDATE(), @CNT)" StatementId="11" StatementCompId="13" StatementType="INSERT" RetrievedFromCache="true" StatementSubTreeCost="0.0100024" StatementEstRows="1" SecurityPolicyApplied="false" StatementOptmLevel="TRIVIAL" QueryHash="0x6FD4D23C8A811BBC" QueryPlanHash="0x3885ED26FFCFCF81" CardinalityEstimationModelVersion="140"><StatementSetOptions QUOTED_IDENTIFIER="true" ARITHABORT="false" CONCAT_NULL_YIELDS_NULL="true" ANSI_NULLS="true" ANSI_PADDING="true" ANSI_WARNINGS="true" NUMERIC_ROUNDABORT="false"></StatementSetOptions><QueryPlan NonParallelPlanReason="CouldNotGenerateValidParallelPlan" CachedPlanSize="16" CompileTime="0" CompileCPU="0" CompileMemory="256"><MemoryGrantInfo SerialRequiredMemory="0" SerialDesiredMemory="0"></MemoryGrantInfo><OptimizerHardwareDependentProperties EstimatedAvailableMemoryGrant="160921" EstimatedPagesCached="20115" EstimatedAvailableDegreeOfParallelism="2" MaxCompileMemory="2216728"></OptimizerHardwareDependentProperties><TraceFlags IsCompileTime="1"><TraceFlag Value="835" Scope="Global"></TraceFlag><TraceFlag Value="3105" Scope="Global"></TraceFlag><TraceFlag Value="5504" Scope="Global"></TraceFlag><TraceFlag Value="5521" Scope="Global"></TraceFlag><TraceFlag Value="6529" Scope="Global"></TraceFlag><TraceFlag Value="8020" Scope="Global"></TraceFlag><TraceFlag Value="8415" Scope="Global"></TraceFlag></TraceFlags><RelOp NodeId="0" PhysicalOp="Table Insert" LogicalOp="Insert" EstimateRows="1" EstimateIO="0.01" EstimateCPU="1e-006" AvgRowSize="9" EstimatedTotalSubtreeCost="0.0100024" Parallel="0" EstimateRebinds="0" EstimateRewinds="0" EstimatedExecutionMode="Row"><OutputList></OutputList><Update DMLRequestSort="0"><Object Table="[@TRESULT]" Storage="RowStore"></Object><SetPredicate><ScalarOperator ScalarString="[object_id] = RaiseIfNullInsert([@OBJID]),[TableName] = RaiseIfNullInsert([@TableName]),[Date] = RaiseIfNullInsert([Expr1004]),[Rows] = RaiseIfNullInsert([@CNT]),[ID] = [Expr1003]"><ScalarExpressionList><ScalarOperator><MultipleAssign><Assign><ColumnReference Column="object_id"></ColumnReference><ScalarOperator><Intrinsic FunctionName="RaiseIfNullInsert"><ScalarOperator><Identifier><ColumnReference Column="@OBJID"></ColumnReference></Identifier></ScalarOperator></Intrinsic></ScalarOperator></Assign><Assign><ColumnReference Column="TableName"></ColumnReference><ScalarOperator><Intrinsic FunctionName="RaiseIfNullInsert"><ScalarOperator><Identifier><ColumnReference Column="@TableName"></ColumnReference></Identifier></ScalarOperator></Intrinsic></ScalarOperator></Assign><Assign><ColumnReference Column="Date"></ColumnReference><ScalarOperator><Intrinsic FunctionName="RaiseIfNullInsert"><ScalarOperator><Identifier><ColumnReference Column="Expr1004"></ColumnReference></Identifier></ScalarOperator></Intrinsic></ScalarOperator></Assign><Assign><ColumnReference Column="Rows"></ColumnReference><ScalarOperator><Intrinsic FunctionName="RaiseIfNullInsert"><ScalarOperator><Identifier><ColumnReference Column="@CNT"></ColumnReference></Identifier></ScalarOperator></Intrinsic></ScalarOperator></Assign><Assign><ColumnReference Column="ID"></ColumnReference><ScalarOperator><Identifier><ColumnReference Column="Expr1003"></ColumnReference></Identifier></ScalarOperator></Assign></MultipleAssign></ScalarOperator></ScalarExpressionList></ScalarOperator></SetPredicate><RelOp NodeId="1" PhysicalOp="Compute Scalar" LogicalOp="Compute Scalar" EstimateRows="1" EstimateIO="0" EstimateCPU="1e-007" AvgRowSize="19" EstimatedTotalSubtreeCost="1.357e-006" Parallel="0" EstimateRebinds="0" EstimateRewinds="0" EstimatedExecutionMode="Row"><OutputList><ColumnReference Column="Expr1003"></ColumnReference><ColumnReference Column="Expr1004"></ColumnReference></OutputList><ComputeScalar><DefinedValues><DefinedValue><ColumnReference Column="Expr1004"></ColumnReference><ScalarOperator ScalarString="getutcdate()"><Identifier><ColumnReference Column="ConstExpr1005"><ScalarOperator><Intrinsic FunctionName="getutcdate"></Intrinsic></ScalarOperator></ColumnReference></Identifier></ScalarOperator></DefinedValue></DefinedValues><RelOp NodeId="2" PhysicalOp="Compute Scalar" LogicalOp="Compute Scalar" EstimateRows="1" EstimateIO="0" EstimateCPU="1e-007" AvgRowSize="11" EstimatedTotalSubtreeCost="1.257e-006" Parallel="0" EstimateRebinds="0" EstimateRewinds="0" EstimatedExecutionMode="Row"><OutputList><ColumnReference Column="Expr1003"></ColumnReference></OutputList><ComputeScalar ComputeSequence="1"><DefinedValues><DefinedValue><ColumnReference Column="Expr1003"></ColumnReference><ScalarOperator ScalarString="getidentity((-1178611156),(2),N&apos;@TRESULT&apos;)"><Intrinsic FunctionName="getidentity"><ScalarOperator><Const ConstValue="(-1178611156)"></Const></ScalarOperator><ScalarOperator><Const ConstValue="(2)"></Const></ScalarOperator><ScalarOperator><Const ConstValue="N&apos;@TRESULT&apos;"></Const></ScalarOperator></Intrinsic></ScalarOperator></DefinedValue></DefinedValues><RelOp NodeId="3" PhysicalOp="Constant Scan" LogicalOp="Constant Scan" EstimateRows="1" EstimateIO="0" EstimateCPU="1.157e-006" AvgRowSize="9" EstimatedTotalSubtreeCost="1.157e-006" Parallel="0" EstimateRebinds="0" EstimateRewinds="0" EstimatedExecutionMode="Row"><OutputList></OutputList><ConstantScan></ConstantScan></RelOp></ComputeScalar></RelOp></ComputeScalar></RelOp></Update></RelOp></QueryPlan></StmtSimple><StmtSimple StatementText="&#xd;&#xa;&#xd;&#xa; &#xd;&#xa;&#xd;&#xa;    SET @IDX = @IDX + 1&#xd;&#xa;&#xd;&#xa;" StatementId="12" StatementCompId="14" StatementType="ASSIGN" RetrievedFromCache="true"></StmtSimple></Statements></Then></StmtCond><StmtSimple StatementText="END&#xd;&#xa;&#xd;&#xa;SELECT * FROM @TRESULT" StatementId="13" StatementCompId="17" StatementType="SELECT" RetrievedFromCache="true" StatementSubTreeCost="0.0032831" StatementEstRows="1" SecurityPolicyApplied="false" StatementOptmLevel="TRIVIAL" QueryHash="0xDD6E8F829D051C0E" QueryPlanHash="0x1BA0C1F8D81E536C" CardinalityEstimationModelVersion="140"><StatementSetOptions QUOTED_IDENTIFIER="true" ARITHABORT="false" CONCAT_NULL_YIELDS_NULL="true" ANSI_NULLS="true" ANSI_PADDING="true" ANSI_WARNINGS="true" NUMERIC_ROUNDABORT="false"></StatementSetOptions><QueryPlan CachedPlanSize="16" CompileTime="0" CompileCPU="0" CompileMemory="208"><MemoryGrantInfo SerialRequiredMemory="0" SerialDesiredMemory="0"></MemoryGrantInfo><OptimizerHardwareDependentProperties EstimatedAvailableMemoryGrant="160921" EstimatedPagesCached="20115" EstimatedAvailableDegreeOfParallelism="2" MaxCompileMemory="2216728"></OptimizerHardwareDependentProperties><TraceFlags IsCompileTime="1"><TraceFlag Value="835" Scope="Global"></TraceFlag><TraceFlag Value="3105" Scope="Global"></TraceFlag><TraceFlag Value="5504" Scope="Global"></TraceFlag><TraceFlag Value="5521" Scope="Global"></TraceFlag><TraceFlag Value="6529" Scope="Global"></TraceFlag><TraceFlag Value="8020" Scope="Global"></TraceFlag><TraceFlag Value="8415" Scope="Global"></TraceFlag></TraceFlags><RelOp NodeId="0" PhysicalOp="Table Scan" LogicalOp="Table Scan" EstimateRows="1" EstimatedRowsRead="1" EstimateIO="0.0032035" EstimateCPU="7.96e-005" AvgRowSize="431" EstimatedTotalSubtreeCost="0.0032831" TableCardinality="0" Parallel="0" EstimateRebinds="0" EstimateRewinds="0" EstimatedExecutionMode="Row"><OutputList><ColumnReference Column="ID"></ColumnReference><ColumnReference Column="object_id"></ColumnReference><ColumnReference Column="TableName"></ColumnReference><ColumnReference Column="Date"></ColumnReference><ColumnReference Column="Rows"></ColumnReference></OutputList><TableScan Ordered="0" ForcedIndex="0" ForceScan="0" NoExpandHint="0" Storage="RowStore"><DefinedValues><DefinedValue><ColumnReference Column="ID"></ColumnReference></DefinedValue><DefinedValue><ColumnReference Column="object_id"></ColumnReference></DefinedValue><DefinedValue><ColumnReference Column="TableName"></ColumnReference></DefinedValue><DefinedValue><ColumnReference Column="Date"></ColumnReference></DefinedValue><DefinedValue><ColumnReference Column="Rows"></ColumnReference></DefinedValue></DefinedValues><Object Table="[@TRESULT]" Storage="RowStore"></Object></TableScan></RelOp></QueryPlan></StmtSimple></Statements></Batch></BatchSequence></ShowPlanXML>